<?xml version="1.0" encoding="UTF-8"?>
<testng-results skipped="0" failed="0" ignored="0" total="1" passed="1">
  <reporter-output>
  </reporter-output>
  <suite name="Default suite" duration-ms="29" started-at="2018-06-04T06:46:04Z" finished-at="2018-06-04T06:46:04Z">
    <groups>
      <group name="BaseCase">
        <method signature="NewTest.Main()[pri:0, instance:learnLeetCode.NewTest@396a51ab]" name="Main" class="learnLeetCode.NewTest"/>
      </group> <!-- BaseCase -->
    </groups>
    <test name="Default test" duration-ms="29" started-at="2018-06-04T06:46:04Z" finished-at="2018-06-04T06:46:04Z">
      <class name="learnLeetCode.NewTest">
        <test-method status="PASS" signature="Main()[pri:0, instance:learnLeetCode.NewTest@396a51ab]" name="Main" duration-ms="8" started-at="2018-06-04T06:46:04Z" finished-at="2018-06-04T06:46:04Z">
          <reporter-output>
          </reporter-output>
        </test-method> <!-- Main -->
      </class> <!-- learnLeetCode.NewTest -->
    </test> <!-- Default test -->
  </suite> <!-- Default suite -->
</testng-results>
